<?xml version="1.0" encoding="UTF-8"?>
<!-- Generated by org.testng.reporters.JUnitXMLReporter -->
<testsuite hostname="HW1937" name="TaylorMade-android-GT-I9500" tests="2" failures="0" timestamp="11 Aug 2015 05:22:36 GMT" time="5.382" errors="0">
  <testcase name="@BeforeTest beforeTest" time="0.0" classname="com.appium.project.scripts.TestTaylorMade">
    <failure type="org.openqa.selenium.SessionNotCreatedException" message="A new session could not be created. (Original error: Device 4d005c1cb4e26033 was not in the list of connected devices) (WARNING: The server did not provide any stacktrace information)
Command duration or timeout: 4.95 seconds
Build info: version: &amp;apos;2.43.1&amp;apos;, revision: &amp;apos;5163bceef1bc36d43f3dc0b83c88998168a363a0&amp;apos;, time: &amp;apos;2014-09-10 09:43:55&amp;apos;
System info: host: &amp;apos;HW1937&amp;apos;, ip: &amp;apos;172.16.13.41&amp;apos;, os.name: &amp;apos;Windows 7&amp;apos;, os.arch: &amp;apos;amd64&amp;apos;, os.version: &amp;apos;6.1&amp;apos;, java.version: &amp;apos;1.7.0_11&amp;apos;
Driver info: io.appium.java_client.android.AndroidDriver">
      <![CDATA[org.openqa.selenium.SessionNotCreatedException: A new session could not be created. (Original error: Device 4d005c1cb4e26033 was not in the list of connected devices) (WARNING: The server did not provide any stacktrace information)
Command duration or timeout: 4.95 seconds
Build info: version: '2.43.1', revision: '5163bceef1bc36d43f3dc0b83c88998168a363a0', time: '2014-09-10 09:43:55'
System info: host: 'HW1937', ip: '172.16.13.41', os.name: 'Windows 7', os.arch: 'amd64', os.version: '6.1', java.version: '1.7.0_11'
Driver info: io.appium.java_client.android.AndroidDriver
	at org.openqa.selenium.remote.ErrorHandler.createThrowable(ErrorHandler.java:204)
	at org.openqa.selenium.remote.ErrorHandler.throwIfResponseFailed(ErrorHandler.java:156)
	at org.openqa.selenium.remote.RemoteWebDriver.execute(RemoteWebDriver.java:599)
	at io.appium.java_client.AppiumDriver.execute(AppiumDriver.java:180)
	at org.openqa.selenium.remote.RemoteWebDriver.startSession(RemoteWebDriver.java:240)
	at org.openqa.selenium.remote.RemoteWebDriver.<init>(RemoteWebDriver.java:126)
	at org.openqa.selenium.remote.RemoteWebDriver.<init>(RemoteWebDriver.java:153)
	at io.appium.java_client.AppiumDriver.<init>(AppiumDriver.java:109)
	at io.appium.java_client.android.AndroidDriver.<init>(AndroidDriver.java:39)
	at com.automation.accelerators.TestEngine.beforeTest(TestEngine.java:73)
	at java.util.concurrent.FutureTask$Sync.innerRun(Unknown Source)
	at java.util.concurrent.FutureTask.run(Unknown Source)
	at java.util.concurrent.ThreadPoolExecutor.runWorker(Unknown Source)
	at java.util.concurrent.ThreadPoolExecutor$Worker.run(Unknown Source)
	at java.lang.Thread.run(Unknown Source)
... Removed 18 stack frames]]>
    </failure>
  </testcase> <!-- @BeforeTest beforeTest -->
  <testcase name="@BeforeMethod beforeMethod" time="0.0" classname="com.appium.project.scripts.TestTaylorMade">
    <skipped/>
  </testcase> <!-- @BeforeMethod beforeMethod -->
  <testcase name="@AfterMethod afterMethod" time="0.0" classname="com.appium.project.scripts.TestTaylorMade">
    <skipped/>
  </testcase> <!-- @AfterMethod afterMethod -->
  <testcase name="@BeforeMethod beforeMethod" time="0.0" classname="com.appium.project.scripts.TestTaylorMade">
    <skipped/>
  </testcase> <!-- @BeforeMethod beforeMethod -->
  <testcase name="@AfterMethod afterMethod" time="0.0" classname="com.appium.project.scripts.TestTaylorMade">
    <skipped/>
  </testcase> <!-- @AfterMethod afterMethod -->
  <testcase name="@AfterTest afterTest" time="0.0" classname="com.appium.project.scripts.TestTaylorMade">
    <skipped/>
  </testcase> <!-- @AfterTest afterTest -->
  <testcase name="verifyPageTitle" time="0.0" classname="com.appium.project.scripts.TestTaylorMade">
    <skipped/>
  </testcase> <!-- verifyPageTitle -->
  <testcase name="OrderingOfProducts" time="0.0" classname="com.appium.project.scripts.TestTaylorMade">
    <skipped/>
  </testcase> <!-- OrderingOfProducts -->
</testsuite> <!-- TaylorMade-android-GT-I9500 -->
